[debug] [2020-05-28T14:53:26.643Z] ----------------------------------------------------------------------
[debug] [2020-05-28T14:53:26.645Z] Command:       /usr/local/bin/node /usr/local/bin/firebase login
[debug] [2020-05-28T14:53:26.645Z] CLI Version:   8.4.0
[debug] [2020-05-28T14:53:26.645Z] Platform:      darwin
[debug] [2020-05-28T14:53:26.646Z] Node Version:  v14.2.0
[debug] [2020-05-28T14:53:26.651Z] Time:          Thu May 28 2020 22:53:26 GMT+0800 (中国标准时间)
[debug] [2020-05-28T14:53:26.651Z] ----------------------------------------------------------------------
[debug] [2020-05-28T14:53:26.651Z] 
[info] i  Firebase optionally collects CLI usage and error reporting information to help improve our products. Data is collected in accordance with Google's privacy policy (https://policies.google.com/privacy) and is not used to identify you.
 
[info] i  To change your data collection preference at any time, run `firebase logout` and log in again. 
[info] 
[info] Visit this URL on this device to log in:
[info] https://accounts.google.com/o/oauth2/auth?client_id=563584335869-fgrhgmd47bqnekij5i8b5pr03ho849e6.apps.googleusercontent.com&scope=email%20openid%20https%3A%2F%2Fwww.googleapis.com%2Fauth%2Fcloudplatformprojects.readonly%20https%3A%2F%2Fwww.googleapis.com%2Fauth%2Ffirebase%20https%3A%2F%2Fwww.googleapis.com%2Fauth%2Fcloud-platform&response_type=code&state=1016505307&redirect_uri=http%3A%2F%2Flocalhost%3A9005
[info] 
[info] Waiting for authentication...
[debug] [2020-05-28T14:54:29.173Z] >>> HTTP REQUEST POST https://accounts.google.com/o/oauth2/token  
 {"code":"4/0QHLyGeWdtSBV0GwG3zoX7GKcXA7Pog56DU4P1LzOtCKifvVF78See3RmpUKxaZfFM3pAviQ5KS-JAsrhpAsxeI","client_id":"563584335869-fgrhgmd47bqnekij5i8b5pr03ho849e6.apps.googleusercontent.com","client_secret":"j9iVZfS8kkCEFUPaAeJV0sAi","redirect_uri":"http://localhost:9005","grant_type":"authorization_code"}
[debug] [2020-05-28T14:54:29.184Z] Token Fetch Error: FirebaseError: Server Error. tunneling socket could not be established, cause=connect ECONNREFUSED 127.0.0.1:8080
    at Request._callback (/usr/local/lib/node_modules/firebase-tools/lib/api.js:32:31)
    at self.callback (/usr/local/lib/node_modules/firebase-tools/node_modules/request/request.js:185:22)
    at Request.emit (events.js:315:20)
    at Request.EventEmitter.emit (domain.js:485:12)
    at Request.onRequestError (/usr/local/lib/node_modules/firebase-tools/node_modules/request/request.js:877:8)
    at ClientRequest.emit (events.js:315:20)
    at ClientRequest.EventEmitter.emit (domain.js:485:12)
    at ClientRequest.onError (/usr/local/lib/node_modules/firebase-tools/node_modules/tunnel-agent/index.js:179:21)
    at Object.onceWrapper (events.js:422:26)
    at ClientRequest.emit (events.js:315:20)
    at ClientRequest.EventEmitter.emit (domain.js:485:12)
    at Socket.socketErrorListener (_http_client.js:463:9)
    at Socket.emit (events.js:315:20)
    at Socket.EventEmitter.emit (domain.js:485:12)
    at emitErrorNT (internal/streams/destroy.js:100:8)
    at emitErrorCloseNT (internal/streams/destroy.js:68:3)
